{
  "thread" : "http-nio-8080-exec-1",
  "level" : "INFO",
  "loggerName" : "trace_logs",
  "message" : {
    "source" : "org.sample.actuatorSwaggerCRUDSample.controller.CrmUsersController",
    "description" : "Preparing to extract user by id",
    "data" : "5e4d4ec715cac62bfabf1817",
    "loggableObjectClass" : "String"
  },
  "endOfBatch" : false,
  "loggerFqcn" : "org.apache.logging.log4j.spi.AbstractLogger",
  "instant" : {
    "epochSecond" : 1582798304,
    "nanoOfSecond" : 985000000
  },
  "threadId" : 35,
  "threadPriority" : 5,
  "requestIdentifier" : "d68b7ccb-86bd-4ef2-9ec7-ce0dfb9e66dc",
  "source" : "${ctx:source}"
}
