APP_ARCHIVE_NAME-actuator-swagger-crud-sample THREAD_NAME-main CORRELATION_ID-${ctx:correlation.id} ACTIVITY_ID-${ctx:activity.id} DATE-2020-09-07 12:02:48.719 INFO  org.sample.actuatorSwaggerCRUDSample.ActuatorSwaggerCRUDSampleMain - Starting ActuatorSwaggerCRUDSampleMain on LAPTOP-9QISGSRJ with PID 12448 (started by Extreme X1 in C:\Users\Extreme X1\IdeaProjects\actuatorSwaggerCRUDSample)
APP_ARCHIVE_NAME-actuator-swagger-crud-sample THREAD_NAME-main CORRELATION_ID-${ctx:correlation.id} ACTIVITY_ID-${ctx:activity.id} DATE-2020-09-07 12:02:48.723 INFO  org.sample.actuatorSwaggerCRUDSample.ActuatorSwaggerCRUDSampleMain - No active profile set, falling back to default profiles: default
APP_ARCHIVE_NAME-actuator-swagger-crud-sample THREAD_NAME-main CORRELATION_ID-${ctx:correlation.id} ACTIVITY_ID-${ctx:activity.id} DATE-2020-09-07 12:02:49.400 INFO  org.springframework.data.repository.config.RepositoryConfigurationDelegate - Multiple Spring Data modules found, entering strict repository configuration mode!
APP_ARCHIVE_NAME-actuator-swagger-crud-sample THREAD_NAME-main CORRELATION_ID-${ctx:correlation.id} ACTIVITY_ID-${ctx:activity.id} DATE-2020-09-07 12:02:49.401 INFO  org.springframework.data.repository.config.RepositoryConfigurationDelegate - Bootstrapping Spring Data repositories in DEFAULT mode.
APP_ARCHIVE_NAME-actuator-swagger-crud-sample THREAD_NAME-main CORRELATION_ID-${ctx:correlation.id} ACTIVITY_ID-${ctx:activity.id} DATE-2020-09-07 12:02:49.439 INFO  org.springframework.data.repository.config.RepositoryConfigurationDelegate - Finished Spring Data repository scanning in 32ms. Found 1 repository interfaces.
APP_ARCHIVE_NAME-actuator-swagger-crud-sample THREAD_NAME-main CORRELATION_ID-${ctx:correlation.id} ACTIVITY_ID-${ctx:activity.id} DATE-2020-09-07 12:02:49.440 INFO  org.springframework.data.repository.config.RepositoryConfigurationDelegate - Multiple Spring Data modules found, entering strict repository configuration mode!
APP_ARCHIVE_NAME-actuator-swagger-crud-sample THREAD_NAME-main CORRELATION_ID-${ctx:correlation.id} ACTIVITY_ID-${ctx:activity.id} DATE-2020-09-07 12:02:49.440 INFO  org.springframework.data.repository.config.RepositoryConfigurationDelegate - Bootstrapping Spring Data repositories in DEFAULT mode.
APP_ARCHIVE_NAME-actuator-swagger-crud-sample THREAD_NAME-main CORRELATION_ID-${ctx:correlation.id} ACTIVITY_ID-${ctx:activity.id} DATE-2020-09-07 12:02:49.444 INFO  org.springframework.data.repository.config.RepositoryConfigurationDelegate - Finished Spring Data repository scanning in 1ms. Found 0 repository interfaces.
APP_ARCHIVE_NAME-actuator-swagger-crud-sample THREAD_NAME-main CORRELATION_ID-${ctx:correlation.id} ACTIVITY_ID-${ctx:activity.id} DATE-2020-09-07 12:02:49.908 INFO  org.springframework.context.support.PostProcessorRegistrationDelegate$BeanPostProcessorChecker - Bean 'org.springframework.ws.config.annotation.DelegatingWsConfiguration' of type [org.springframework.ws.config.annotation.DelegatingWsConfiguration$$EnhancerBySpringCGLIB$$dae28cf5] is not eligible for getting processed by all BeanPostProcessors (for example: not eligible for auto-proxying)
APP_ARCHIVE_NAME-actuator-swagger-crud-sample THREAD_NAME-main CORRELATION_ID-${ctx:correlation.id} ACTIVITY_ID-${ctx:activity.id} DATE-2020-09-07 12:02:49.929 INFO  org.springframework.ws.soap.addressing.server.AnnotationActionEndpointMapping - Supporting [WS-Addressing August 2004, WS-Addressing 1.0]
APP_ARCHIVE_NAME-actuator-swagger-crud-sample THREAD_NAME-main CORRELATION_ID-${ctx:correlation.id} ACTIVITY_ID-${ctx:activity.id} DATE-2020-09-07 12:02:49.956 INFO  org.springframework.context.support.PostProcessorRegistrationDelegate$BeanPostProcessorChecker - Bean 'org.springframework.transaction.annotation.ProxyTransactionManagementConfiguration' of type [org.springframework.transaction.annotation.ProxyTransactionManagementConfiguration$$EnhancerBySpringCGLIB$$364ac7f6] is not eligible for getting processed by all BeanPostProcessors (for example: not eligible for auto-proxying)
APP_ARCHIVE_NAME-actuator-swagger-crud-sample THREAD_NAME-main CORRELATION_ID-${ctx:correlation.id} ACTIVITY_ID-${ctx:activity.id} DATE-2020-09-07 12:02:50.135 INFO  org.springframework.boot.web.embedded.tomcat.TomcatWebServer - Tomcat initialized with port(s): 8080 (http)
APP_ARCHIVE_NAME-actuator-swagger-crud-sample THREAD_NAME-main CORRELATION_ID-${ctx:correlation.id} ACTIVITY_ID-${ctx:activity.id} DATE-2020-09-07 12:02:50.146 INFO  org.apache.coyote.http11.Http11NioProtocol - Initializing ProtocolHandler ["http-nio-8080"]
APP_ARCHIVE_NAME-actuator-swagger-crud-sample THREAD_NAME-main CORRELATION_ID-${ctx:correlation.id} ACTIVITY_ID-${ctx:activity.id} DATE-2020-09-07 12:02:50.153 INFO  org.apache.catalina.core.StandardService - Starting service [Tomcat]
APP_ARCHIVE_NAME-actuator-swagger-crud-sample THREAD_NAME-main CORRELATION_ID-${ctx:correlation.id} ACTIVITY_ID-${ctx:activity.id} DATE-2020-09-07 12:02:50.154 INFO  org.apache.catalina.core.StandardEngine - Starting Servlet engine: [Apache Tomcat/9.0.21]
APP_ARCHIVE_NAME-actuator-swagger-crud-sample THREAD_NAME-main CORRELATION_ID-${ctx:correlation.id} ACTIVITY_ID-${ctx:activity.id} DATE-2020-09-07 12:02:50.257 INFO  org.apache.catalina.core.ContainerBase.[Tomcat].[localhost].[/actuator-swagger-crud-sample] - Initializing Spring embedded WebApplicationContext
APP_ARCHIVE_NAME-actuator-swagger-crud-sample THREAD_NAME-main CORRELATION_ID-${ctx:correlation.id} ACTIVITY_ID-${ctx:activity.id} DATE-2020-09-07 12:02:50.257 INFO  org.springframework.web.context.ContextLoader - Root WebApplicationContext: initialization completed in 1502 ms
APP_ARCHIVE_NAME-actuator-swagger-crud-sample THREAD_NAME-main CORRELATION_ID-${ctx:correlation.id} ACTIVITY_ID-${ctx:activity.id} DATE-2020-09-07 12:02:50.731 INFO  org.mongodb.driver.cluster - Cluster created with settings {hosts=[192.168.127.134:27017], mode=SINGLE, requiredClusterType=UNKNOWN, serverSelectionTimeout='10000 ms', maxWaitQueueSize=500}
APP_ARCHIVE_NAME-actuator-swagger-crud-sample THREAD_NAME-main CORRELATION_ID-${ctx:correlation.id} ACTIVITY_ID-${ctx:activity.id} DATE-2020-09-07 12:02:51.019 INFO  org.hibernate.jpa.internal.util.LogHelper - HHH000204: Processing PersistenceUnitInfo [
	name: default
	...]
APP_ARCHIVE_NAME-actuator-swagger-crud-sample THREAD_NAME-main CORRELATION_ID-${ctx:correlation.id} ACTIVITY_ID-${ctx:activity.id} DATE-2020-09-07 12:02:51.068 INFO  org.hibernate.Version - HHH000412: Hibernate Core {5.3.10.Final}
APP_ARCHIVE_NAME-actuator-swagger-crud-sample THREAD_NAME-main CORRELATION_ID-${ctx:correlation.id} ACTIVITY_ID-${ctx:activity.id} DATE-2020-09-07 12:02:51.069 INFO  org.hibernate.cfg.Environment - HHH000206: hibernate.properties not found
APP_ARCHIVE_NAME-actuator-swagger-crud-sample THREAD_NAME-main CORRELATION_ID-${ctx:correlation.id} ACTIVITY_ID-${ctx:activity.id} DATE-2020-09-07 12:02:51.179 INFO  org.hibernate.annotations.common.Version - HCANN000001: Hibernate Commons Annotations {5.0.4.Final}
